!SESSION 2015-03-11 18:13:42.225 -----------------------------------------------
eclipse.buildId=unknown
java.version=1.7.0_09
java.vendor=Oracle Corporation
BootLoader constants: OS=linux, ARCH=x86, WS=gtk, NL=es_ES
Command-line arguments:  -os linux -ws gtk -arch x86

!ENTRY org.eclipse.osgi 4 0 2015-03-11 18:15:12.805
!MESSAGE 
!STACK 0
java.io.IOException: File update failed on one or more files.
	at org.eclipse.osgi.storagemanager.StorageManager.update(StorageManager.java:308)
	at org.eclipse.osgi.internal.baseadaptor.BaseStorage.saveStateData(BaseStorage.java:670)
	at org.eclipse.osgi.internal.baseadaptor.BaseStorage.saveAllData(BaseStorage.java:462)
	at org.eclipse.osgi.internal.baseadaptor.BaseStorage.frameworkStop(BaseStorage.java:922)
	at org.eclipse.osgi.baseadaptor.BaseAdaptor.frameworkStop(BaseAdaptor.java:266)
	at org.eclipse.osgi.framework.internal.core.SystemBundleActivator.stop(SystemBundleActivator.java:74)
	at org.eclipse.osgi.framework.internal.core.BundleContextImpl$2.run(BundleContextImpl.java:771)
	at java.security.AccessController.doPrivileged(Native Method)
	at org.eclipse.osgi.framework.internal.core.BundleContextImpl.stop(BundleContextImpl.java:764)
	at org.eclipse.osgi.framework.internal.core.StartLevelManager.stopSystemBundle(StartLevelManager.java:602)
	at org.eclipse.osgi.framework.internal.core.StartLevelManager.doSetStartLevel(StartLevelManager.java:262)
	at org.eclipse.osgi.framework.internal.core.StartLevelManager.shutdown(StartLevelManager.java:215)
	at org.eclipse.osgi.framework.internal.core.InternalSystemBundle.suspend(InternalSystemBundle.java:284)
	at org.eclipse.osgi.framework.internal.core.Framework.shutdown(Framework.java:692)
	at org.eclipse.osgi.framework.internal.core.Framework.close(Framework.java:600)
	at org.eclipse.core.runtime.adaptor.EclipseStarter.shutdown(EclipseStarter.java:399)
	at org.eclipse.core.runtime.adaptor.EclipseStarter.run(EclipseStarter.java:199)
	at sun.reflect.NativeMethodAccessorImpl.invoke0(Native Method)
	at sun.reflect.NativeMethodAccessorImpl.invoke(Unknown Source)
	at sun.reflect.DelegatingMethodAccessorImpl.invoke(Unknown Source)
	at java.lang.reflect.Method.invoke(Unknown Source)
	at org.eclipse.equinox.launcher.Main.invokeFramework(Main.java:629)
	at org.eclipse.equinox.launcher.Main.basicRun(Main.java:584)
	at org.eclipse.equinox.launcher.Main.run(Main.java:1438)
